android/app/build/intermediates/manifest_merge_blame_file/debug/manifest-merger-blame-debug-report.txt
1<?xml version="1.0" encoding="utf-8"?>
2<manifest xmlns:android="http://schemas.android.com/apk/res/android"
3    package="com.dailyact"
4    android:versionCode="1"
5    android:versionName="1.0" >
6
7    <uses-sdk
8        android:minSdkVersion="21"
9        android:targetSdkVersion="29" />
10
11    <uses-permission android:name="android.permission.SYSTEM_ALERT_WINDOW" />
11-->src/debug/AndroidManifest.xml:5:5-77
11-->src/debug/AndroidManifest.xml:5:22-75
12    <uses-permission android:name="android.permission.INTERNET" />
12-->src/main/AndroidManifest.xml:4:5-67
12-->src/main/AndroidManifest.xml:4:22-64
13    <uses-permission android:name="android.permission.ACCESS_WIFI_STATE" />
13-->[com.facebook.flipper:flipper:0.54.0] AndroidManifest.xml:16:5-76
13-->[com.facebook.flipper:flipper:0.54.0] AndroidManifest.xml:16:22-73
14    <uses-permission android:name="android.permission.WAKE_LOCK" />
14-->[:react-native-firebase_messaging] AndroidManifest.xml:12:5-68
14-->[:react-native-firebase_messaging] AndroidManifest.xml:12:22-65
15    <uses-permission android:name="android.permission.ACCESS_NETWORK_STATE" /> <!-- Required by older versions of Google Play services to create IID tokens -->
15-->[:react-native-firebase_messaging] AndroidManifest.xml:13:5-79
15-->[:react-native-firebase_messaging] AndroidManifest.xml:13:22-76
16    <uses-permission android:name="com.google.android.c2dm.permission.RECEIVE" />
16-->[com.google.firebase:firebase-iid:21.0.0] AndroidManifest.xml:26:5-82
16-->[com.google.firebase:firebase-iid:21.0.0] AndroidManifest.xml:26:22-79
17
18    <application
18-->src/main/AndroidManifest.xml:6:5-25:19
19        android:name="com.dailyact.MainApplication"
19-->src/main/AndroidManifest.xml:7:7-38
20        android:allowBackup="false"
20-->src/main/AndroidManifest.xml:11:7-34
21        android:appComponentFactory="androidx.core.app.CoreComponentFactory"
21-->[androidx.core:core:1.3.0] AndroidManifest.xml:24:18-86
22        android:debuggable="true"
23        android:icon="@mipmap/ic_launcher"
23-->src/main/AndroidManifest.xml:9:7-41
24        android:label="@string/app_name"
24-->src/main/AndroidManifest.xml:8:7-39
25        android:roundIcon="@mipmap/ic_launcher_round"
25-->src/main/AndroidManifest.xml:10:7-52
26        android:theme="@style/AppTheme"
26-->src/main/AndroidManifest.xml:12:7-38
27        android:usesCleartextTraffic="true" >
27-->src/debug/AndroidManifest.xml:7:18-53
28        <activity
28-->src/main/AndroidManifest.xml:13:7-23:18
29            android:name="com.dailyact.MainActivity"
29-->src/main/AndroidManifest.xml:14:9-37
30            android:configChanges="keyboard|keyboardHidden|orientation|screenSize|uiMode"
30-->src/main/AndroidManifest.xml:16:9-86
31            android:label="@string/app_name"
31-->src/main/AndroidManifest.xml:15:9-41
32            android:launchMode="singleTask"
32-->src/main/AndroidManifest.xml:17:9-40
33            android:windowSoftInputMode="adjustResize" >
33-->src/main/AndroidManifest.xml:18:9-51
34            <intent-filter>
34-->src/main/AndroidManifest.xml:19:9-22:25
35                <action android:name="android.intent.action.MAIN" />
35-->src/main/AndroidManifest.xml:20:13-65
35-->src/main/AndroidManifest.xml:20:21-62
36
37                <category android:name="android.intent.category.LAUNCHER" />
37-->src/main/AndroidManifest.xml:21:13-73
37-->src/main/AndroidManifest.xml:21:23-70
38            </intent-filter>
39        </activity>
40        <activity
40-->src/main/AndroidManifest.xml:24:7-84
41            android:name="com.facebook.react.devsupport.DevSettingsActivity"
41-->src/main/AndroidManifest.xml:24:17-81
42            android:exported="false" />
42-->[:react-native-navigation] AndroidManifest.xml:14:13-37
43
44        <service android:name="io.invertase.firebase.messaging.ReactNativeFirebaseMessagingHeadlessService" />
44-->[:react-native-firebase_messaging] AndroidManifest.xml:16:9-111
44-->[:react-native-firebase_messaging] AndroidManifest.xml:16:18-108
45        <service
45-->[:react-native-firebase_messaging] AndroidManifest.xml:17:9-23:19
46            android:name="io.invertase.firebase.messaging.ReactNativeFirebaseMessagingService"
46-->[:react-native-firebase_messaging] AndroidManifest.xml:18:13-95
47            android:exported="false" >
47-->[:react-native-firebase_messaging] AndroidManifest.xml:19:13-37
48            <intent-filter>
48-->[:react-native-firebase_messaging] AndroidManifest.xml:20:13-22:29
49                <action android:name="com.google.firebase.MESSAGING_EVENT" />
49-->[:react-native-firebase_messaging] AndroidManifest.xml:21:17-78
49-->[:react-native-firebase_messaging] AndroidManifest.xml:21:25-75
50            </intent-filter>
51        </service>
52
53        <receiver
53-->[:react-native-firebase_messaging] AndroidManifest.xml:25:9-32:20
54            android:name="io.invertase.firebase.messaging.ReactNativeFirebaseMessagingReceiver"
54-->[:react-native-firebase_messaging] AndroidManifest.xml:26:13-96
55            android:exported="true"
55-->[:react-native-firebase_messaging] AndroidManifest.xml:27:13-36
56            android:permission="com.google.android.c2dm.permission.SEND" >
56-->[:react-native-firebase_messaging] AndroidManifest.xml:28:13-73
57            <intent-filter>
57-->[:react-native-firebase_messaging] AndroidManifest.xml:29:13-31:29
58                <action android:name="com.google.android.c2dm.intent.RECEIVE" />
58-->[:react-native-firebase_messaging] AndroidManifest.xml:30:17-81
58-->[:react-native-firebase_messaging] AndroidManifest.xml:30:25-78
59            </intent-filter>
60        </receiver>
61
62        <meta-data
62-->[:react-native-firebase_messaging] AndroidManifest.xml:34:9-36:36
63            android:name="firebase_messaging_auto_init_enabled"
63-->[:react-native-firebase_messaging] AndroidManifest.xml:35:13-64
64            android:value="true" />
64-->[:react-native-firebase_messaging] AndroidManifest.xml:36:13-33
65        <meta-data
65-->[:react-native-firebase_messaging] AndroidManifest.xml:37:9-39:32
66            android:name="com.google.firebase.messaging.default_notification_channel_id"
66-->[:react-native-firebase_messaging] AndroidManifest.xml:38:13-89
67            android:value="" />
67-->[:react-native-firebase_messaging] AndroidManifest.xml:39:13-29
68        <meta-data
68-->[:react-native-firebase_messaging] AndroidManifest.xml:40:9-42:47
69            android:name="com.google.firebase.messaging.default_notification_color"
69-->[:react-native-firebase_messaging] AndroidManifest.xml:41:13-84
70            android:resource="@color/white" />
70-->[:react-native-firebase_messaging] AndroidManifest.xml:42:13-44
71        <!--
72             FirebaseMessagingService performs security checks at runtime,
73             but set to not exported to explicitly avoid allowing another app to call it.
74        -->
75        <service
75-->[com.google.firebase:firebase-messaging:21.0.0] AndroidManifest.xml:28:9-35:19
76            android:name="com.google.firebase.messaging.FirebaseMessagingService"
76-->[com.google.firebase:firebase-messaging:21.0.0] AndroidManifest.xml:29:13-82
77            android:directBootAware="true"
77-->[com.google.firebase:firebase-messaging:21.0.0] AndroidManifest.xml:30:13-43
78            android:exported="false" >
78-->[com.google.firebase:firebase-messaging:21.0.0] AndroidManifest.xml:31:13-37
79            <intent-filter android:priority="-500" >
79-->[:react-native-firebase_messaging] AndroidManifest.xml:20:13-22:29
80                <action android:name="com.google.firebase.MESSAGING_EVENT" />
80-->[:react-native-firebase_messaging] AndroidManifest.xml:21:17-78
80-->[:react-native-firebase_messaging] AndroidManifest.xml:21:25-75
81            </intent-filter>
82        </service>
83        <service
83-->[com.google.firebase:firebase-messaging:21.0.0] AndroidManifest.xml:36:9-42:19
84            android:name="com.google.firebase.components.ComponentDiscoveryService"
84-->[com.google.firebase:firebase-messaging:21.0.0] AndroidManifest.xml:37:13-84
85            android:directBootAware="true"
85-->[com.google.firebase:firebase-common:19.3.1] AndroidManifest.xml:35:13-43
86            android:exported="false" >
86-->[com.google.firebase:firebase-messaging:21.0.0] AndroidManifest.xml:38:13-37
87            <meta-data
87-->[com.google.firebase:firebase-messaging:21.0.0] AndroidManifest.xml:39:13-41:85
88                android:name="com.google.firebase.components:com.google.firebase.messaging.FirebaseMessagingRegistrar"
88-->[com.google.firebase:firebase-messaging:21.0.0] AndroidManifest.xml:40:17-119
89                android:value="com.google.firebase.components.ComponentRegistrar" />
89-->[com.google.firebase:firebase-messaging:21.0.0] AndroidManifest.xml:41:17-82
90            <meta-data
90-->[com.google.firebase:firebase-datatransport:17.0.3] AndroidManifest.xml:28:13-30:85
91                android:name="com.google.firebase.components:com.google.firebase.datatransport.TransportRegistrar"
91-->[com.google.firebase:firebase-datatransport:17.0.3] AndroidManifest.xml:29:17-115
92                android:value="com.google.firebase.components.ComponentRegistrar" />
92-->[com.google.firebase:firebase-datatransport:17.0.3] AndroidManifest.xml:30:17-82
93            <meta-data
93-->[com.google.firebase:firebase-iid:21.0.0] AndroidManifest.xml:32:13-34:85
94                android:name="com.google.firebase.components:com.google.firebase.iid.Registrar"
94-->[com.google.firebase:firebase-iid:21.0.0] AndroidManifest.xml:33:17-96
95                android:value="com.google.firebase.components.ComponentRegistrar" />
95-->[com.google.firebase:firebase-iid:21.0.0] AndroidManifest.xml:34:17-82
96            <meta-data
96-->[com.google.firebase:firebase-installations:16.3.3] AndroidManifest.xml:17:13-19:85
97                android:name="com.google.firebase.components:com.google.firebase.installations.FirebaseInstallationsRegistrar"
97-->[com.google.firebase:firebase-installations:16.3.3] AndroidManifest.xml:18:17-127
98                android:value="com.google.firebase.components.ComponentRegistrar" />
98-->[com.google.firebase:firebase-installations:16.3.3] AndroidManifest.xml:19:17-82
99        </service>
100        <service
100-->[com.google.android.datatransport:transport-backend-cct:2.2.0] AndroidManifest.xml:29:9-35:19
101            android:name="com.google.android.datatransport.runtime.backends.TransportBackendDiscovery"
101-->[com.google.android.datatransport:transport-backend-cct:2.2.0] AndroidManifest.xml:30:13-103
102            android:exported="false" >
102-->[com.google.android.datatransport:transport-backend-cct:2.2.0] AndroidManifest.xml:31:13-37
103            <meta-data
103-->[com.google.android.datatransport:transport-backend-cct:2.2.0] AndroidManifest.xml:32:13-34:39
104                android:name="backend:com.google.android.datatransport.cct.CctBackendFactory"
104-->[com.google.android.datatransport:transport-backend-cct:2.2.0] AndroidManifest.xml:33:17-94
105                android:value="cct" />
105-->[com.google.android.datatransport:transport-backend-cct:2.2.0] AndroidManifest.xml:34:17-36
106        </service>
107        <service
107-->[com.google.android.datatransport:transport-runtime:2.2.0] AndroidManifest.xml:26:9-30:19
108            android:name="com.google.android.datatransport.runtime.scheduling.jobscheduling.JobInfoSchedulerService"
108-->[com.google.android.datatransport:transport-runtime:2.2.0] AndroidManifest.xml:27:13-117
109            android:exported="false"
109-->[com.google.android.datatransport:transport-runtime:2.2.0] AndroidManifest.xml:28:13-37
110            android:permission="android.permission.BIND_JOB_SERVICE" >
110-->[com.google.android.datatransport:transport-runtime:2.2.0] AndroidManifest.xml:29:13-69
111        </service>
112
113        <receiver
113-->[com.google.android.datatransport:transport-runtime:2.2.0] AndroidManifest.xml:32:9-34:40
114            android:name="com.google.android.datatransport.runtime.scheduling.jobscheduling.AlarmManagerSchedulerBroadcastReceiver"
114-->[com.google.android.datatransport:transport-runtime:2.2.0] AndroidManifest.xml:33:13-132
115            android:exported="false" />
115-->[com.google.android.datatransport:transport-runtime:2.2.0] AndroidManifest.xml:34:13-37
116
117        <activity
117-->[com.google.android.gms:play-services-auth:18.1.0] AndroidManifest.xml:23:9-27:75
118            android:name="com.google.android.gms.auth.api.signin.internal.SignInHubActivity"
118-->[com.google.android.gms:play-services-auth:18.1.0] AndroidManifest.xml:24:13-93
119            android:excludeFromRecents="true"
119-->[com.google.android.gms:play-services-auth:18.1.0] AndroidManifest.xml:25:13-46
120            android:exported="false"
120-->[com.google.android.gms:play-services-auth:18.1.0] AndroidManifest.xml:26:13-37
121            android:theme="@android:style/Theme.Translucent.NoTitleBar" />
121-->[com.google.android.gms:play-services-auth:18.1.0] AndroidManifest.xml:27:13-72
122        <!--
123            Service handling Google Sign-In user revocation. For apps that do not integrate with
124            Google Sign-In, this service will never be started.
125        -->
126        <service
126-->[com.google.android.gms:play-services-auth:18.1.0] AndroidManifest.xml:33:9-37:51
127            android:name="com.google.android.gms.auth.api.signin.RevocationBoundService"
127-->[com.google.android.gms:play-services-auth:18.1.0] AndroidManifest.xml:34:13-89
128            android:exported="true"
128-->[com.google.android.gms:play-services-auth:18.1.0] AndroidManifest.xml:35:13-36
129            android:permission="com.google.android.gms.auth.api.signin.permission.REVOCATION_NOTIFICATION"
129-->[com.google.android.gms:play-services-auth:18.1.0] AndroidManifest.xml:36:13-107
130            android:visibleToInstantApps="true" />
130-->[com.google.android.gms:play-services-auth:18.1.0] AndroidManifest.xml:37:13-48
131
132        <receiver
132-->[com.google.firebase:firebase-iid:21.0.0] AndroidManifest.xml:37:9-44:20
133            android:name="com.google.firebase.iid.FirebaseInstanceIdReceiver"
133-->[com.google.firebase:firebase-iid:21.0.0] AndroidManifest.xml:38:13-78
134            android:exported="true"
134-->[com.google.firebase:firebase-iid:21.0.0] AndroidManifest.xml:39:13-36
135            android:permission="com.google.android.c2dm.permission.SEND" >
135-->[com.google.firebase:firebase-iid:21.0.0] AndroidManifest.xml:40:13-73
136            <intent-filter>
136-->[:react-native-firebase_messaging] AndroidManifest.xml:29:13-31:29
137                <action android:name="com.google.android.c2dm.intent.RECEIVE" />
137-->[:react-native-firebase_messaging] AndroidManifest.xml:30:17-81
137-->[:react-native-firebase_messaging] AndroidManifest.xml:30:25-78
138            </intent-filter>
139        </receiver>
140
141        <activity
141-->[com.google.android.gms:play-services-base:17.1.0] AndroidManifest.xml:23:9-26:75
142            android:name="com.google.android.gms.common.api.GoogleApiActivity"
142-->[com.google.android.gms:play-services-base:17.1.0] AndroidManifest.xml:24:13-79
143            android:exported="false"
143-->[com.google.android.gms:play-services-base:17.1.0] AndroidManifest.xml:25:13-37
144            android:theme="@android:style/Theme.Translucent.NoTitleBar" />
144-->[com.google.android.gms:play-services-base:17.1.0] AndroidManifest.xml:26:13-72
145
146        <provider
146-->[com.google.firebase:firebase-common:19.3.1] AndroidManifest.xml:26:9-31:39
147            android:name="com.google.firebase.provider.FirebaseInitProvider"
147-->[com.google.firebase:firebase-common:19.3.1] AndroidManifest.xml:27:13-77
148            android:authorities="com.dailyact.firebaseinitprovider"
148-->[com.google.firebase:firebase-common:19.3.1] AndroidManifest.xml:28:13-72
149            android:directBootAware="true"
149-->[com.google.firebase:firebase-common:19.3.1] AndroidManifest.xml:29:13-43
150            android:exported="false"
150-->[com.google.firebase:firebase-common:19.3.1] AndroidManifest.xml:30:13-37
151            android:initOrder="100" />
151-->[com.google.firebase:firebase-common:19.3.1] AndroidManifest.xml:31:13-36
152
153        <meta-data
153-->[com.google.android.gms:play-services-basement:17.1.1] AndroidManifest.xml:23:9-25:69
154            android:name="com.google.android.gms.version"
154-->[com.google.android.gms:play-services-basement:17.1.1] AndroidManifest.xml:24:13-58
155            android:value="@integer/google_play_services_version" />
155-->[com.google.android.gms:play-services-basement:17.1.1] AndroidManifest.xml:25:13-66
156    </application>
157
158</manifest>